2024.11.04 17:27:05 INFO  Started: Metals version 1.4.0 in folders '/home/denis/projects/_external/treafik-reproducer' for client Visual Studio Code 1.95.1.[0m
2024.11.04 17:27:05 WARN  Flyway upgrade recommended: H2 2.3.232 is newer than this version of Flyway and support has not been tested. The latest supported version of H2 is 2.2.224.[0m
2024.11.04 17:27:05 INFO  no build target found for /home/denis/projects/_external/treafik-reproducer/gatling/src/main/scala/HelloSimulation.scala. Using presentation compiler with project's scala-library version: 3.3.4[0m
2024.11.04 17:27:16 INFO  no build target found for /home/denis/projects/_external/treafik-reproducer/gatling/src/main/scala/HelloSimulation.scala. Using presentation compiler with project's scala-library version: 3.3.4[0m
2024.11.04 17:27:17 INFO  no build target found for /home/denis/projects/_external/treafik-reproducer/build.sbt. Using presentation compiler with project's scala-library version: 3.3.4[0m
2024.11.04 17:27:17 INFO  time: code lens generation in 1.52s[0m
2024.11.04 17:27:17 INFO  no build target found for /home/denis/projects/_external/treafik-reproducer/gatling/src/main/scala/HelloSimulation.scala. Using presentation compiler with project's scala-library version: 3.3.4[0m
2024.11.04 17:27:17 INFO  no build target found for /home/denis/projects/_external/treafik-reproducer/gatling/src/main/scala/HelloSimulation.scala. Using presentation compiler with project's scala-library version: 3.3.4[0m
2024.11.04 17:27:17 INFO  no build target found for /home/denis/projects/_external/treafik-reproducer/gatling/src/main/scala/HelloSimulation.scala. Using presentation compiler with project's scala-library version: 3.3.4[0m
2024.11.04 17:27:18 INFO  no build target found for /home/denis/projects/_external/treafik-reproducer/gatling/src/main/scala/HelloSimulation.scala. Using presentation compiler with project's scala-library version: 3.3.4[0m
2024.11.04 17:27:25 INFO  no build target found for /home/denis/projects/_external/treafik-reproducer/gatling/src/main/scala/HelloSimulation.scala. Using presentation compiler with project's scala-library version: 3.3.4[0m
2024.11.04 17:27:34 INFO  no build target found for /home/denis/projects/_external/treafik-reproducer/gatling/src/main/scala/HelloSimulation.scala. Using presentation compiler with project's scala-library version: 3.3.4[0m
2024.11.04 17:27:35 INFO  no build target found for /home/denis/projects/_external/treafik-reproducer/build.sbt. Using presentation compiler with project's scala-library version: 3.3.4[0m
2024.11.04 17:27:35 INFO  no build target found for /home/denis/projects/_external/treafik-reproducer/build.sbt. Using presentation compiler with project's scala-library version: 3.3.4[0m
2024.11.04 17:27:36 INFO  no build target found for /home/denis/projects/_external/treafik-reproducer/build.sbt. Using presentation compiler with project's scala-library version: 3.3.4[0m
2024.11.04 17:27:39 INFO  no build target found for /home/denis/projects/_external/treafik-reproducer/build.sbt. Using presentation compiler with project's scala-library version: 3.3.4[0m
2024.11.04 17:27:40 INFO  no build target found for /home/denis/projects/_external/treafik-reproducer/build.sbt. Using presentation compiler with project's scala-library version: 3.3.4[0m
2024.11.04 17:27:40 INFO  no build target found for /home/denis/projects/_external/treafik-reproducer/build.sbt. Using presentation compiler with project's scala-library version: 3.3.4[0m
2024.11.04 17:27:39 INFO  no build target found for /home/denis/projects/_external/treafik-reproducer/build.sbt. Using presentation compiler with project's scala-library version: 3.3.4[0m
2024.11.04 17:27:39 INFO  no build target found for /home/denis/projects/_external/treafik-reproducer/build.sbt. Using presentation compiler with project's scala-library version: 3.3.4[0m
2024.11.04 17:27:43 INFO  no build target found for /home/denis/projects/_external/treafik-reproducer/build.sbt. Using presentation compiler with project's scala-library version: 3.3.4[0m
2024.11.04 17:27:44 INFO  no build target found for /home/denis/projects/_external/treafik-reproducer/build.sbt. Using presentation compiler with project's scala-library version: 3.3.4[0m
2024.11.04 17:29:41 INFO  no build target found for /home/denis/projects/_external/treafik-reproducer/build.sbt. Using presentation compiler with project's scala-library version: 3.3.4[0m
2024.11.04 17:29:41 INFO  no build target found for /home/denis/projects/_external/treafik-reproducer/build.sbt. Using presentation compiler with project's scala-library version: 3.3.4[0m
2024.11.04 17:29:44 INFO  no build target found for /home/denis/projects/_external/treafik-reproducer/build.sbt. Using presentation compiler with project's scala-library version: 3.3.4[0m
2024.11.04 17:29:47 INFO  no build target found for /home/denis/projects/_external/treafik-reproducer/build.sbt. Using presentation compiler with project's scala-library version: 3.3.4[0m
2024.11.04 17:29:49 INFO  no build target found for /home/denis/projects/_external/treafik-reproducer/build.sbt. Using presentation compiler with project's scala-library version: 3.3.4[0m
2024.11.04 17:29:50 INFO  no build target found for /home/denis/projects/_external/treafik-reproducer/build.sbt. Using presentation compiler with project's scala-library version: 3.3.4[0m
2024.11.04 17:29:50 WARN  no build target for: /home/denis/projects/_external/treafik-reproducer/build.sbt[0m
2024.11.04 17:29:50 INFO  no build target found for /home/denis/projects/_external/treafik-reproducer/build.sbt. Using presentation compiler with project's scala-library version: 3.3.4[0m
2024.11.04 17:29:50 INFO  no build target found for /home/denis/projects/_external/treafik-reproducer/build.sbt. Using presentation compiler with project's scala-library version: 3.3.4[0m
2024.11.04 17:29:51 INFO  no build target found for /home/denis/projects/_external/treafik-reproducer/build.sbt. Using presentation compiler with project's scala-library version: 3.3.4[0m
2024.11.04 17:29:56 INFO  no build target found for /home/denis/projects/_external/treafik-reproducer/build.sbt. Using presentation compiler with project's scala-library version: 3.3.4[0m
2024.11.04 17:30:03 INFO  no build target found for /home/denis/projects/_external/treafik-reproducer/build.sbt. Using presentation compiler with project's scala-library version: 3.3.4[0m
2024.11.04 17:30:26 INFO  no build target found for /home/denis/projects/_external/treafik-reproducer/build.sbt. Using presentation compiler with project's scala-library version: 3.3.4[0m
2024.11.04 17:30:38 INFO  no build target found for /home/denis/projects/_external/treafik-reproducer/build.sbt. Using presentation compiler with project's scala-library version: 3.3.4[0m
2024.11.04 17:30:39 INFO  no build target found for /home/denis/projects/_external/treafik-reproducer/build.sbt. Using presentation compiler with project's scala-library version: 3.3.4[0m
2024.11.04 17:30:39 INFO  no build target found for /home/denis/projects/_external/treafik-reproducer/gatling/src/main/scala/HelloSimulation.scala. Using presentation compiler with project's scala-library version: 3.3.4[0m
2024.11.04 17:30:39 INFO  no build target found for /home/denis/projects/_external/treafik-reproducer/gatling/src/main/scala/HelloSimulation.scala. Using presentation compiler with project's scala-library version: 3.3.4[0m
2024.11.04 17:30:39 INFO  no build target found for /home/denis/projects/_external/treafik-reproducer/gatling/src/main/scala/HelloSimulation.scala. Using presentation compiler with project's scala-library version: 3.3.4[0m
2024.11.04 17:30:40 INFO  no build target found for /home/denis/projects/_external/treafik-reproducer/gatling/src/main/scala/HelloSimulation.scala. Using presentation compiler with project's scala-library version: 3.3.4[0m
2024.11.04 17:30:42 INFO  no build target found for /home/denis/projects/_external/treafik-reproducer/gatling/src/main/scala/HelloSimulation.scala. Using presentation compiler with project's scala-library version: 3.3.4[0m
2024.11.04 17:30:57 INFO  no build target found for /home/denis/projects/_external/treafik-reproducer/gatling/src/main/scala/HelloSimulation.scala. Using presentation compiler with project's scala-library version: 3.3.4[0m
2024.11.04 17:30:57 INFO  no build target found for /home/denis/projects/_external/treafik-reproducer/gatling/src/main/scala/HelloSimulation.scala. Using presentation compiler with project's scala-library version: 3.3.4[0m
2024.11.04 17:30:57 INFO  no build target found for /home/denis/projects/_external/treafik-reproducer/gatling/src/main/scala/HelloSimulation.scala. Using presentation compiler with project's scala-library version: 3.3.4[0m
2024.11.04 17:30:57 INFO  no build target found for /home/denis/projects/_external/treafik-reproducer/gatling/src/main/scala/HelloSimulation.scala. Using presentation compiler with project's scala-library version: 3.3.4[0m
2024.11.04 17:31:05 INFO  no build target found for /home/denis/projects/_external/treafik-reproducer/build.sbt. Using presentation compiler with project's scala-library version: 3.3.4[0m
2024.11.04 17:31:05 INFO  no build target found for /home/denis/projects/_external/treafik-reproducer/build.sbt. Using presentation compiler with project's scala-library version: 3.3.4[0m
2024.11.04 17:31:05 INFO  no build target found for /home/denis/projects/_external/treafik-reproducer/build.sbt. Using presentation compiler with project's scala-library version: 3.3.4[0m
2024.11.04 17:31:05 INFO  no build target found for /home/denis/projects/_external/treafik-reproducer/build.sbt. Using presentation compiler with project's scala-library version: 3.3.4[0m
2024.11.04 17:31:05 INFO  no build target found for /home/denis/projects/_external/treafik-reproducer/build.sbt. Using presentation compiler with project's scala-library version: 3.3.4[0m
2024.11.04 17:31:05 INFO  no build target found for /home/denis/projects/_external/treafik-reproducer/build.sbt. Using presentation compiler with project's scala-library version: 3.3.4[0m
2024.11.04 17:31:06 INFO  no build target found for /home/denis/projects/_external/treafik-reproducer/build.sbt. Using presentation compiler with project's scala-library version: 3.3.4[0m
2024.11.04 17:31:06 INFO  no build target found for /home/denis/projects/_external/treafik-reproducer/gatling/src/main/scala/HelloSimulation.scala. Using presentation compiler with project's scala-library version: 3.3.4[0m
2024.11.04 17:31:06 INFO  no build target found for /home/denis/projects/_external/treafik-reproducer/gatling/src/main/scala/HelloSimulation.scala. Using presentation compiler with project's scala-library version: 3.3.4[0m
2024.11.04 17:31:06 INFO  no build target found for /home/denis/projects/_external/treafik-reproducer/gatling/src/main/scala/HelloSimulation.scala. Using presentation compiler with project's scala-library version: 3.3.4[0m
2024.11.04 17:31:07 INFO  no build target found for /home/denis/projects/_external/treafik-reproducer/gatling/src/main/scala/HelloSimulation.scala. Using presentation compiler with project's scala-library version: 3.3.4[0m
2024.11.04 17:31:59 INFO  no build target found for /home/denis/projects/_external/treafik-reproducer/gatling/src/main/scala/HelloSimulation.scala. Using presentation compiler with project's scala-library version: 3.3.4[0m
2024.11.04 17:31:59 INFO  no build target found for /home/denis/projects/_external/treafik-reproducer/gatling/src/main/scala/HelloSimulation.scala. Using presentation compiler with project's scala-library version: 3.3.4[0m
2024.11.04 17:31:59 INFO  no build target found for /home/denis/projects/_external/treafik-reproducer/gatling/src/main/scala/HelloSimulation.scala. Using presentation compiler with project's scala-library version: 3.3.4[0m
2024.11.04 17:32:37 INFO  no build target found for /home/denis/projects/_external/treafik-reproducer/gatling/src/main/scala/HelloSimulation.scala. Using presentation compiler with project's scala-library version: 3.3.4[0m
2024.11.04 17:32:37 INFO  no build target found for /home/denis/projects/_external/treafik-reproducer/gatling/src/main/scala/HelloSimulation.scala. Using presentation compiler with project's scala-library version: 3.3.4[0m
2024.11.04 17:32:38 INFO  no build target found for /home/denis/projects/_external/treafik-reproducer/gatling/src/main/scala/HelloSimulation.scala. Using presentation compiler with project's scala-library version: 3.3.4[0m
2024.11.04 17:32:39 INFO  no build target found for /home/denis/projects/_external/treafik-reproducer/gatling/src/main/scala/HelloSimulation.scala. Using presentation compiler with project's scala-library version: 3.3.4[0m
2024.11.04 17:32:39 INFO  no build target found for /home/denis/projects/_external/treafik-reproducer/gatling/src/main/scala/HelloSimulation.scala. Using presentation compiler with project's scala-library version: 3.3.4[0m
2024.11.04 17:32:41 INFO  no build target found for /home/denis/projects/_external/treafik-reproducer/gatling/src/main/scala/HelloSimulation.scala. Using presentation compiler with project's scala-library version: 3.3.4[0m
2024.11.04 17:32:42 INFO  no build target found for /home/denis/projects/_external/treafik-reproducer/gatling/src/main/scala/HelloSimulation.scala. Using presentation compiler with project's scala-library version: 3.3.4[0m
2024.11.04 17:32:44 INFO  no build target found for /home/denis/projects/_external/treafik-reproducer/gatling/src/main/scala/HelloSimulation.scala. Using presentation compiler with project's scala-library version: 3.3.4[0m
2024.11.04 17:32:45 INFO  no build target found for /home/denis/projects/_external/treafik-reproducer/gatling/src/main/scala/HelloSimulation.scala. Using presentation compiler with project's scala-library version: 3.3.4[0m
2024.11.04 17:32:45 INFO  no build target found for /home/denis/projects/_external/treafik-reproducer/gatling/src/main/scala/HelloSimulation.scala. Using presentation compiler with project's scala-library version: 3.3.4[0m
2024.11.04 17:33:21 INFO  no build target found for /home/denis/projects/_external/treafik-reproducer/gatling/src/main/scala/HelloSimulation.scala. Using presentation compiler with project's scala-library version: 3.3.4[0m
2024.11.04 17:33:23 INFO  no build target found for /home/denis/projects/_external/treafik-reproducer/gatling/src/main/scala/HelloSimulation.scala. Using presentation compiler with project's scala-library version: 3.3.4[0m
2024.11.04 17:33:23 INFO  no build target found for /home/denis/projects/_external/treafik-reproducer/gatling/src/main/scala/HelloSimulation.scala. Using presentation compiler with project's scala-library version: 3.3.4[0m
2024.11.04 17:33:24 INFO  no build target found for /home/denis/projects/_external/treafik-reproducer/gatling/src/main/scala/HelloSimulation.scala. Using presentation compiler with project's scala-library version: 3.3.4[0m
2024.11.04 17:33:24 INFO  no build target found for /home/denis/projects/_external/treafik-reproducer/gatling/src/main/scala/HelloSimulation.scala. Using presentation compiler with project's scala-library version: 3.3.4[0m
2024.11.04 17:33:26 INFO  no build target found for /home/denis/projects/_external/treafik-reproducer/gatling/src/main/scala/HelloSimulation.scala. Using presentation compiler with project's scala-library version: 3.3.4[0m
2024.11.04 17:33:36 INFO  no build target found for /home/denis/projects/_external/treafik-reproducer/gatling/src/main/scala/HelloSimulation.scala. Using presentation compiler with project's scala-library version: 3.3.4[0m
2024.11.04 17:33:36 INFO  no build target found for /home/denis/projects/_external/treafik-reproducer/gatling/src/main/scala/HelloSimulation.scala. Using presentation compiler with project's scala-library version: 3.3.4[0m
2024.11.04 17:33:36 INFO  no build target found for /home/denis/projects/_external/treafik-reproducer/gatling/src/main/scala/HelloSimulation.scala. Using presentation compiler with project's scala-library version: 3.3.4[0m
2024.11.04 17:33:36 INFO  no build target found for /home/denis/projects/_external/treafik-reproducer/gatling/src/main/scala/HelloSimulation.scala. Using presentation compiler with project's scala-library version: 3.3.4[0m
2024.11.04 17:33:38 INFO  no build target found for /home/denis/projects/_external/treafik-reproducer/gatling/src/main/scala/HelloSimulation.scala. Using presentation compiler with project's scala-library version: 3.3.4[0m
2024.11.04 17:33:47 INFO  no build target found for /home/denis/projects/_external/treafik-reproducer/gatling/src/main/scala/HelloSimulation.scala. Using presentation compiler with project's scala-library version: 3.3.4[0m
2024.11.04 17:33:47 INFO  no build target found for /home/denis/projects/_external/treafik-reproducer/gatling/src/main/scala/HelloSimulation.scala. Using presentation compiler with project's scala-library version: 3.3.4[0m
2024.11.04 17:33:48 INFO  no build target found for /home/denis/projects/_external/treafik-reproducer/gatling/src/main/scala/HelloSimulation.scala. Using presentation compiler with project's scala-library version: 3.3.4[0m
2024.11.04 17:49:05 INFO  no build target found for /home/denis/projects/_external/treafik-reproducer/gatling/src/main/scala/HelloSimulation.scala. Using presentation compiler with project's scala-library version: 3.3.4[0m
2024.11.04 17:49:05 INFO  no build target found for /home/denis/projects/_external/treafik-reproducer/gatling/src/main/scala/HelloSimulation.scala. Using presentation compiler with project's scala-library version: 3.3.4[0m
2024.11.04 17:49:05 INFO  no build target found for /home/denis/projects/_external/treafik-reproducer/gatling/src/main/scala/HelloSimulation.scala. Using presentation compiler with project's scala-library version: 3.3.4[0m
2024.11.04 17:49:05 INFO  no build target found for /home/denis/projects/_external/treafik-reproducer/gatling/src/main/scala/HelloSimulation.scala. Using presentation compiler with project's scala-library version: 3.3.4[0m
2024.11.04 17:49:09 INFO  no build target found for /home/denis/projects/_external/treafik-reproducer/gatling/src/main/scala/HelloSimulation.scala. Using presentation compiler with project's scala-library version: 3.3.4[0m
2024.11.04 17:49:19 INFO  no build target found for /home/denis/projects/_external/treafik-reproducer/gatling/src/main/scala/HelloSimulation.scala. Using presentation compiler with project's scala-library version: 3.3.4[0m
2024.11.04 17:49:19 INFO  no build target found for /home/denis/projects/_external/treafik-reproducer/gatling/src/main/scala/HelloSimulation.scala. Using presentation compiler with project's scala-library version: 3.3.4[0m
2024.11.04 17:49:19 INFO  no build target found for /home/denis/projects/_external/treafik-reproducer/gatling/src/main/scala/HelloSimulation.scala. Using presentation compiler with project's scala-library version: 3.3.4[0m
2024.11.04 17:49:23 INFO  no build target found for /home/denis/projects/_external/treafik-reproducer/gatling/src/main/scala/HelloSimulation.scala. Using presentation compiler with project's scala-library version: 3.3.4[0m
2024.11.04 17:49:23 INFO  no build target found for /home/denis/projects/_external/treafik-reproducer/gatling/src/main/scala/HelloSimulation.scala. Using presentation compiler with project's scala-library version: 3.3.4[0m
2024.11.04 17:49:24 INFO  no build target found for /home/denis/projects/_external/treafik-reproducer/gatling/src/main/scala/HelloSimulation.scala. Using presentation compiler with project's scala-library version: 3.3.4[0m
2024.11.04 17:49:24 INFO  no build target found for /home/denis/projects/_external/treafik-reproducer/gatling/src/main/scala/HelloSimulation.scala. Using presentation compiler with project's scala-library version: 3.3.4[0m
2024.11.04 17:49:24 INFO  no build target found for /home/denis/projects/_external/treafik-reproducer/gatling/src/main/scala/HelloSimulation.scala. Using presentation compiler with project's scala-library version: 3.3.4[0m
2024.11.04 17:49:25 INFO  no build target found for /home/denis/projects/_external/treafik-reproducer/gatling/src/main/scala/HelloSimulation.scala. Using presentation compiler with project's scala-library version: 3.3.4[0m
2024.11.04 17:49:25 INFO  no build target found for /home/denis/projects/_external/treafik-reproducer/gatling/src/main/scala/HelloSimulation.scala. Using presentation compiler with project's scala-library version: 3.3.4[0m
2024.11.04 17:49:25 INFO  no build target found for /home/denis/projects/_external/treafik-reproducer/gatling/src/main/scala/HelloSimulation.scala. Using presentation compiler with project's scala-library version: 3.3.4[0m
2024.11.04 17:49:25 INFO  no build target found for /home/denis/projects/_external/treafik-reproducer/gatling/src/main/scala/HelloSimulation.scala. Using presentation compiler with project's scala-library version: 3.3.4[0m
2024.11.04 17:49:26 INFO  no build target found for /home/denis/projects/_external/treafik-reproducer/gatling/src/main/scala/HelloSimulation.scala. Using presentation compiler with project's scala-library version: 3.3.4[0m
2024.11.04 17:49:26 INFO  no build target found for /home/denis/projects/_external/treafik-reproducer/gatling/src/main/scala/HelloSimulation.scala. Using presentation compiler with project's scala-library version: 3.3.4[0m
2024.11.04 17:49:26 INFO  no build target found for /home/denis/projects/_external/treafik-reproducer/gatling/src/main/scala/HelloSimulation.scala. Using presentation compiler with project's scala-library version: 3.3.4[0m
2024.11.04 17:49:26 INFO  no build target found for /home/denis/projects/_external/treafik-reproducer/gatling/src/main/scala/HelloSimulation.scala. Using presentation compiler with project's scala-library version: 3.3.4[0m
2024.11.04 17:49:27 WARN  no build target for: /home/denis/projects/_external/treafik-reproducer/gatling/src/main/scala/HelloSimulation.scala[0m
2024.11.04 17:49:27 INFO  no build target found for /home/denis/projects/_external/treafik-reproducer/gatling/src/main/scala/HelloSimulation.scala. Using presentation compiler with project's scala-library version: 3.3.4[0m
2024.11.04 17:49:30 INFO  no build target found for /home/denis/projects/_external/treafik-reproducer/gatling/src/main/scala/HelloSimulation.scala. Using presentation compiler with project's scala-library version: 3.3.4[0m
2024.11.04 17:49:34 INFO  no build target found for /home/denis/projects/_external/treafik-reproducer/gatling/src/main/scala/HelloSimulation.scala. Using presentation compiler with project's scala-library version: 3.3.4[0m
2024.11.04 17:49:34 INFO  no build target found for /home/denis/projects/_external/treafik-reproducer/gatling/src/main/scala/HelloSimulation.scala. Using presentation compiler with project's scala-library version: 3.3.4[0m
2024.11.04 17:49:35 INFO  no build target found for /home/denis/projects/_external/treafik-reproducer/gatling/src/main/scala/HelloSimulation.scala. Using presentation compiler with project's scala-library version: 3.3.4[0m
2024.11.04 17:49:35 INFO  no build target found for /home/denis/projects/_external/treafik-reproducer/gatling/src/main/scala/HelloSimulation.scala. Using presentation compiler with project's scala-library version: 3.3.4[0m
2024.11.04 17:49:35 INFO  no build target found for /home/denis/projects/_external/treafik-reproducer/gatling/src/main/scala/HelloSimulation.scala. Using presentation compiler with project's scala-library version: 3.3.4[0m
2024.11.04 17:49:35 INFO  no build target found for /home/denis/projects/_external/treafik-reproducer/gatling/src/main/scala/HelloSimulation.scala. Using presentation compiler with project's scala-library version: 3.3.4[0m
2024.11.04 17:49:37 INFO  no build target found for /home/denis/projects/_external/treafik-reproducer/gatling/src/main/scala/HelloSimulation.scala. Using presentation compiler with project's scala-library version: 3.3.4[0m
2024.11.04 17:49:37 INFO  no build target found for /home/denis/projects/_external/treafik-reproducer/gatling/src/main/scala/HelloSimulation.scala. Using presentation compiler with project's scala-library version: 3.3.4[0m
2024.11.04 17:49:37 INFO  no build target found for /home/denis/projects/_external/treafik-reproducer/gatling/src/main/scala/HelloSimulation.scala. Using presentation compiler with project's scala-library version: 3.3.4[0m
2024.11.04 17:49:38 INFO  no build target found for /home/denis/projects/_external/treafik-reproducer/gatling/src/main/scala/HelloSimulation.scala. Using presentation compiler with project's scala-library version: 3.3.4[0m
Nov 04, 2024 5:49:38 PM org.eclipse.lsp4j.jsonrpc.RemoteEndpoint handleCancellation
WARNING: Unmatched cancel notification for request id 450
2024.11.04 17:49:38 INFO  no build target found for /home/denis/projects/_external/treafik-reproducer/gatling/src/main/scala/HelloSimulation.scala. Using presentation compiler with project's scala-library version: 3.3.4[0m
2024.11.04 17:49:38 INFO  no build target found for /home/denis/projects/_external/treafik-reproducer/gatling/src/main/scala/HelloSimulation.scala. Using presentation compiler with project's scala-library version: 3.3.4[0m
2024.11.04 17:49:38 INFO  no build target found for /home/denis/projects/_external/treafik-reproducer/gatling/src/main/scala/HelloSimulation.scala. Using presentation compiler with project's scala-library version: 3.3.4[0m
2024.11.04 17:49:38 INFO  no build target found for /home/denis/projects/_external/treafik-reproducer/gatling/src/main/scala/HelloSimulation.scala. Using presentation compiler with project's scala-library version: 3.3.4[0m
2024.11.04 17:49:38 WARN  no build target for: /home/denis/projects/_external/treafik-reproducer/gatling/src/main/scala/HelloSimulation.scala[0m
2024.11.04 17:49:39 INFO  no build target found for /home/denis/projects/_external/treafik-reproducer/gatling/src/main/scala/HelloSimulation.scala. Using presentation compiler with project's scala-library version: 3.3.4[0m
2024.11.04 17:49:41 INFO  no build target found for /home/denis/projects/_external/treafik-reproducer/gatling/src/main/scala/HelloSimulation.scala. Using presentation compiler with project's scala-library version: 3.3.4[0m
2024.11.04 17:49:47 INFO  no build target found for /home/denis/projects/_external/treafik-reproducer/gatling/src/main/scala/HelloSimulation.scala. Using presentation compiler with project's scala-library version: 3.3.4[0m
2024.11.04 17:49:51 INFO  no build target found for /home/denis/projects/_external/treafik-reproducer/gatling/src/main/scala/HelloSimulation.scala. Using presentation compiler with project's scala-library version: 3.3.4[0m
2024.11.04 17:51:48 INFO  no build target found for /home/denis/projects/_external/treafik-reproducer/gatling/src/main/scala/HelloSimulation.scala. Using presentation compiler with project's scala-library version: 3.3.4[0m
2024.11.04 17:51:48 INFO  no build target found for /home/denis/projects/_external/treafik-reproducer/gatling/src/main/scala/HelloSimulation.scala. Using presentation compiler with project's scala-library version: 3.3.4[0m
2024.11.04 17:51:50 INFO  no build target found for /home/denis/projects/_external/treafik-reproducer/gatling/src/main/scala/HelloSimulation.scala. Using presentation compiler with project's scala-library version: 3.3.4[0m
2024.11.04 17:51:50 INFO  no build target found for /home/denis/projects/_external/treafik-reproducer/gatling/src/main/scala/HelloSimulation.scala. Using presentation compiler with project's scala-library version: 3.3.4[0m
2024.11.04 17:51:50 INFO  no build target found for /home/denis/projects/_external/treafik-reproducer/gatling/src/main/scala/HelloSimulation.scala. Using presentation compiler with project's scala-library version: 3.3.4[0m
2024.11.04 17:51:50 INFO  no build target found for /home/denis/projects/_external/treafik-reproducer/gatling/src/main/scala/HelloSimulation.scala. Using presentation compiler with project's scala-library version: 3.3.4[0m
2024.11.04 17:51:50 INFO  no build target found for /home/denis/projects/_external/treafik-reproducer/gatling/src/main/scala/HelloSimulation.scala. Using presentation compiler with project's scala-library version: 3.3.4[0m
Nov 04, 2024 5:51:50 PM org.eclipse.lsp4j.jsonrpc.RemoteEndpoint handleCancellation
WARNING: Unmatched cancel notification for request id 516
Nov 04, 2024 5:51:50 PM org.eclipse.lsp4j.jsonrpc.RemoteEndpoint handleCancellation
WARNING: Unmatched cancel notification for request id 518
2024.11.04 17:51:50 INFO  no build target found for /home/denis/projects/_external/treafik-reproducer/gatling/src/main/scala/HelloSimulation.scala. Using presentation compiler with project's scala-library version: 3.3.4[0m
2024.11.04 17:51:50 INFO  no build target found for /home/denis/projects/_external/treafik-reproducer/gatling/src/main/scala/HelloSimulation.scala. Using presentation compiler with project's scala-library version: 3.3.4[0m
2024.11.04 17:51:50 INFO  no build target found for /home/denis/projects/_external/treafik-reproducer/gatling/src/main/scala/HelloSimulation.scala. Using presentation compiler with project's scala-library version: 3.3.4[0m
2024.11.04 17:51:51 WARN  no build target for: /home/denis/projects/_external/treafik-reproducer/gatling/src/main/scala/HelloSimulation.scala[0m
2024.11.04 17:51:51 INFO  no build target found for /home/denis/projects/_external/treafik-reproducer/gatling/src/main/scala/HelloSimulation.scala. Using presentation compiler with project's scala-library version: 3.3.4[0m
2024.11.04 17:51:50 INFO  no build target found for /home/denis/projects/_external/treafik-reproducer/gatling/src/main/scala/HelloSimulation.scala. Using presentation compiler with project's scala-library version: 3.3.4[0m
2024.11.04 17:53:58 INFO  no build target found for /home/denis/projects/_external/treafik-reproducer/gatling/src/main/scala/HelloSimulation.scala. Using presentation compiler with project's scala-library version: 3.3.4[0m
